# JRE version: OpenJDK Runtime Environment (11.0.13) (build 11.0.13+0-b1751.21-8125866)
# Java VM: OpenJDK 64-Bit Server VM (11.0.13+0-b1751.21-8125866, mixed mode, tiered, compressed oops, g1 gc, windows-amd64)
Heap:
 garbage-first heap   total 262144K, used 149006K [0x0000000080000000, 0x0000000100000000)
  region size 1024K, 59 young (60416K), 2 survivors (2048K)
 Metaspace       used 142076K, capacity 147174K, committed 147356K, reserved 1177600K
  class space    used 16855K, capacity 18725K, committed 18764K, reserved 1048576K
GC Heap History (20 events):
Event: 10228.643 GC heap before
{Heap before GC invocations=244 (full 0):
 garbage-first heap   total 262144K, used 125070K [0x0000000080000000, 0x0000000100000000)
  region size 1024K, 12 young (12288K), 6 survivors (6144K)
 Metaspace       used 141954K, capacity 146916K, committed 147100K, reserved 1177600K
  class space    used 16847K, capacity 18712K, committed 18764K, reserved 1048576K
}
Event: 10228.691 GC heap after
{Heap after GC invocations=245 (full 0):
 garbage-first heap   total 262144K, used 122605K [0x0000000080000000, 0x0000000100000000)
  region size 1024K, 2 young (2048K), 2 survivors (2048K)
 Metaspace       used 141954K, capacity 146916K, committed 147100K, reserved 1177600K
  class space    used 16847K, capacity 18712K, committed 18764K, reserved 1048576K
}
Event: 10229.066 GC heap before
{Heap before GC invocations=245 (full 0):
 garbage-first heap   total 262144K, used 150253K [0x0000000080000000, 0x0000000100000000)
  region size 1024K, 31 young (31744K), 2 survivors (2048K)
 Metaspace       used 141954K, capacity 146916K, committed 147100K, reserved 1177600K
  class space    used 16847K, capacity 18712K, committed 18764K, reserved 1048576K
}
Event: 10229.159 GC heap after
{Heap after GC invocations=246 (full 0):
 garbage-first heap   total 262144K, used 139776K [0x0000000080000000, 0x0000000100000000)
  region size 1024K, 8 young (8192K), 8 survivors (8192K)
 Metaspace       used 141954K, capacity 146916K, committed 147100K, reserved 1177600K
  class space    used 16847K, capacity 18712K, committed 18764K, reserved 1048576K
}
Event: 10240.200 GC heap before
{Heap before GC invocations=247 (full 0):
 garbage-first heap   total 262144K, used 194048K [0x0000000080000000, 0x0000000100000000)
  region size 1024K, 51 young (52224K), 8 survivors (8192K)
 Metaspace       used 141974K, capacity 146992K, committed 147100K, reserved 1177600K
  class space    used 16848K, capacity 18714K, committed 18764K, reserved 1048576K
}
Event: 10240.296 GC heap after
{Heap after GC invocations=248 (full 0):
 garbage-first heap   total 262144K, used 137216K [0x0000000080000000, 0x0000000100000000)
  region size 1024K, 6 young (6144K), 6 survivors (6144K)
 Metaspace       used 141974K, capacity 146992K, committed 147100K, reserved 1177600K
  class space    used 16848K, capacity 18714K, committed 18764K, reserved 1048576K
}
Event: 10240.344 GC heap before
{Heap before GC invocations=248 (full 0):
 garbage-first heap   total 262144K, used 143360K [0x0000000080000000, 0x0000000100000000)
  region size 1024K, 12 young (12288K), 6 survivors (6144K)
 Metaspace       used 141974K, capacity 146992K, committed 147100K, reserved 1177600K
  class space    used 16848K, capacity 18714K, committed 18764K, reserved 1048576K
}
Event: 10240.395 GC heap after
{Heap after GC invocations=249 (full 0):
 garbage-first heap   total 262144K, used 121344K [0x0000000080000000, 0x0000000100000000)
  region size 1024K, 2 young (2048K), 2 survivors (2048K)
 Metaspace       used 141974K, capacity 146992K, committed 147100K, reserved 1177600K
  class space    used 16848K, capacity 18714K, committed 18764K, reserved 1048576K
}
Event: 10241.171 GC heap before
{Heap before GC invocations=249 (full 0):
 garbage-first heap   total 262144K, used 154112K [0x0000000080000000, 0x0000000100000000)
  region size 1024K, 35 young (35840K), 2 survivors (2048K)
 Metaspace       used 141990K, capacity 147003K, committed 147100K, reserved 1177600K
  class space    used 16849K, capacity 18715K, committed 18764K, reserved 1048576K
}
Event: 10241.188 GC heap after
{Heap after GC invocations=250 (full 0):
 garbage-first heap   total 262144K, used 121190K [0x0000000080000000, 0x0000000100000000)
  region size 1024K, 2 young (2048K), 2 survivors (2048K)
 Metaspace       used 141990K, capacity 147003K, committed 147100K, reserved 1177600K
  class space    used 16849K, capacity 18715K, committed 18764K, reserved 1048576K
}
Event: 11718.809 GC heap before
{Heap before GC invocations=251 (full 0):
 garbage-first heap   total 262144K, used 177510K [0x0000000080000000, 0x0000000100000000)
  region size 1024K, 60 young (61440K), 2 survivors (2048K)
 Metaspace       used 142017K, capacity 147067K, committed 147356K, reserved 1177600K
  class space    used 16849K, capacity 18715K, committed 18764K, reserved 1048576K
}
Event: 11719.072 GC heap after
{Heap after GC invocations=252 (full 0):
 garbage-first heap   total 262144K, used 108203K [0x0000000080000000, 0x0000000100000000)
  region size 1024K, 5 young (5120K), 5 survivors (5120K)
 Metaspace       used 142017K, capacity 147067K, committed 147356K, reserved 1177600K
  class space    used 16849K, capacity 18715K, committed 18764K, reserved 1048576K
}
Event: 11720.665 GC heap before
{Heap before GC invocations=252 (full 0):
 garbage-first heap   total 262144K, used 115371K [0x0000000080000000, 0x0000000100000000)
  region size 1024K, 12 young (12288K), 5 survivors (5120K)
 Metaspace       used 142027K, capacity 147131K, committed 147356K, reserved 1177600K
  class space    used 16849K, capacity 18715K, committed 18764K, reserved 1048576K
}
Event: 11720.774 GC heap after
{Heap after GC invocations=253 (full 0):
 garbage-first heap   total 262144K, used 101314K [0x0000000080000000, 0x0000000100000000)
  region size 1024K, 2 young (2048K), 2 survivors (2048K)
 Metaspace       used 142027K, capacity 147131K, committed 147356K, reserved 1177600K
  class space    used 16849K, capacity 18715K, committed 18764K, reserved 1048576K
}
Event: 11721.239 GC heap before
{Heap before GC invocations=253 (full 0):
 garbage-first heap   total 262144K, used 107458K [0x0000000080000000, 0x0000000100000000)
  region size 1024K, 9 young (9216K), 2 survivors (2048K)
 Metaspace       used 142034K, capacity 147131K, committed 147356K, reserved 1177600K
  class space    used 16850K, capacity 18715K, committed 18764K, reserved 1048576K
}
Event: 11721.284 GC heap after
{Heap after GC invocations=254 (full 0):
 garbage-first heap   total 262144K, used 101845K [0x0000000080000000, 0x0000000100000000)
  region size 1024K, 2 young (2048K), 2 survivors (2048K)
 Metaspace       used 142034K, capacity 147131K, committed 147356K, reserved 1177600K
  class space    used 16850K, capacity 18715K, committed 18764K, reserved 1048576K
}
Event: 11728.230 GC heap before
{Heap before GC invocations=255 (full 0):
 garbage-first heap   total 262144K, used 180693K [0x0000000080000000, 0x0000000100000000)
  region size 1024K, 63 young (64512K), 2 survivors (2048K)
 Metaspace       used 142031K, capacity 147113K, committed 147356K, reserved 1177600K
  class space    used 16848K, capacity 18712K, committed 18764K, reserved 1048576K
}
Event: 11728.282 GC heap after
{Heap after GC invocations=256 (full 0):
 garbage-first heap   total 262144K, used 100665K [0x0000000080000000, 0x0000000100000000)
  region size 1024K, 3 young (3072K), 3 survivors (3072K)
 Metaspace       used 142031K, capacity 147113K, committed 147356K, reserved 1177600K
  class space    used 16848K, capacity 18712K, committed 18764K, reserved 1048576K
}
Event: 11728.904 GC heap before
{Heap before GC invocations=256 (full 0):
 garbage-first heap   total 262144K, used 108857K [0x0000000080000000, 0x0000000100000000)
  region size 1024K, 12 young (12288K), 3 survivors (3072K)
 Metaspace       used 142055K, capacity 147144K, committed 147356K, reserved 1177600K
  class space    used 16852K, capacity 18719K, committed 18764K, reserved 1048576K
}
Event: 11728.937 GC heap after
{Heap after GC invocations=257 (full 0):
 garbage-first heap   total 262144K, used 92686K [0x0000000080000000, 0x0000000100000000)
  region size 1024K, 2 young (2048K), 2 survivors (2048K)
 Metaspace       used 142055K, capacity 147144K, committed 147356K, reserved 1177600K
  class space    used 16852K, capacity 18719K, committed 18764K, reserved 1048576K
}

