# JRE version: OpenJDK Runtime Environment (11.0.15) (build 11.0.15+0-b2043.56-8887301)
# Java VM: OpenJDK 64-Bit Server VM (11.0.15+0-b2043.56-8887301, mixed mode, tiered, compressed oops, g1 gc, windows-amd64)
Heap:
 garbage-first heap   total 287744K, used 136192K [0x0000000080000000, 0x0000000100000000)
  region size 1024K, 16 young (16384K), 5 survivors (5120K)
 Metaspace       used 140863K, capacity 144607K, committed 145840K, reserved 1175552K
  class space    used 17108K, capacity 18521K, committed 18944K, reserved 1048576K
GC Heap History (20 events):
Event: 2589.969 GC heap before
{Heap before GC invocations=122 (full 0):
 garbage-first heap   total 287744K, used 140200K [0x0000000080000000, 0x0000000100000000)
  region size 1024K, 14 young (14336K), 2 survivors (2048K)
 Metaspace       used 140400K, capacity 144099K, committed 145328K, reserved 1175552K
  class space    used 17099K, capacity 18511K, committed 18944K, reserved 1048576K
}
Event: 2590.068 GC heap after
{Heap after GC invocations=123 (full 0):
 garbage-first heap   total 287744K, used 126528K [0x0000000080000000, 0x0000000100000000)
  region size 1024K, 2 young (2048K), 2 survivors (2048K)
 Metaspace       used 140400K, capacity 144099K, committed 145328K, reserved 1175552K
  class space    used 17099K, capacity 18511K, committed 18944K, reserved 1048576K
}
Event: 2590.415 GC heap before
{Heap before GC invocations=123 (full 0):
 garbage-first heap   total 287744K, used 138816K [0x0000000080000000, 0x0000000100000000)
  region size 1024K, 14 young (14336K), 2 survivors (2048K)
 Metaspace       used 140412K, capacity 144099K, committed 145328K, reserved 1175552K
  class space    used 17099K, capacity 18511K, committed 18944K, reserved 1048576K
}
Event: 2590.503 GC heap after
{Heap after GC invocations=124 (full 0):
 garbage-first heap   total 287744K, used 127488K [0x0000000080000000, 0x0000000100000000)
  region size 1024K, 2 young (2048K), 2 survivors (2048K)
 Metaspace       used 140412K, capacity 144099K, committed 145328K, reserved 1175552K
  class space    used 17099K, capacity 18511K, committed 18944K, reserved 1048576K
}
Event: 2591.737 GC heap before
{Heap before GC invocations=124 (full 0):
 garbage-first heap   total 287744K, used 152064K [0x0000000080000000, 0x0000000100000000)
  region size 1024K, 28 young (28672K), 2 survivors (2048K)
 Metaspace       used 140480K, capacity 144233K, committed 145584K, reserved 1175552K
  class space    used 17099K, capacity 18512K, committed 18944K, reserved 1048576K
}
Event: 2591.779 GC heap after
{Heap after GC invocations=125 (full 0):
 garbage-first heap   total 287744K, used 129127K [0x0000000080000000, 0x0000000100000000)
  region size 1024K, 4 young (4096K), 4 survivors (4096K)
 Metaspace       used 140480K, capacity 144233K, committed 145584K, reserved 1175552K
  class space    used 17099K, capacity 18512K, committed 18944K, reserved 1048576K
}
Event: 2593.512 GC heap before
{Heap before GC invocations=126 (full 0):
 garbage-first heap   total 287744K, used 169063K [0x0000000080000000, 0x0000000100000000)
  region size 1024K, 41 young (41984K), 4 survivors (4096K)
 Metaspace       used 140546K, capacity 144371K, committed 145584K, reserved 1175552K
  class space    used 17102K, capacity 18513K, committed 18944K, reserved 1048576K
}
Event: 2593.597 GC heap after
{Heap after GC invocations=127 (full 0):
 garbage-first heap   total 287744K, used 135703K [0x0000000080000000, 0x0000000100000000)
  region size 1024K, 6 young (6144K), 6 survivors (6144K)
 Metaspace       used 140546K, capacity 144371K, committed 145584K, reserved 1175552K
  class space    used 17102K, capacity 18513K, committed 18944K, reserved 1048576K
}
Event: 2594.475 GC heap before
{Heap before GC invocations=127 (full 0):
 garbage-first heap   total 287744K, used 143895K [0x0000000080000000, 0x0000000100000000)
  region size 1024K, 14 young (14336K), 6 survivors (6144K)
 Metaspace       used 140566K, capacity 144375K, committed 145584K, reserved 1175552K
  class space    used 17102K, capacity 18513K, committed 18944K, reserved 1048576K
}
Event: 2594.577 GC heap after
{Heap after GC invocations=128 (full 0):
 garbage-first heap   total 287744K, used 124286K [0x0000000080000000, 0x0000000100000000)
  region size 1024K, 1 young (1024K), 1 survivors (1024K)
 Metaspace       used 140566K, capacity 144375K, committed 145584K, reserved 1175552K
  class space    used 17102K, capacity 18513K, committed 18944K, reserved 1048576K
}
Event: 2594.976 GC heap before
{Heap before GC invocations=128 (full 0):
 garbage-first heap   total 287744K, used 137598K [0x0000000080000000, 0x0000000100000000)
  region size 1024K, 14 young (14336K), 1 survivors (1024K)
 Metaspace       used 140583K, capacity 144376K, committed 145584K, reserved 1175552K
  class space    used 17102K, capacity 18513K, committed 18944K, reserved 1048576K
}
Event: 2595.013 GC heap after
{Heap after GC invocations=129 (full 0):
 garbage-first heap   total 287744K, used 122461K [0x0000000080000000, 0x0000000100000000)
  region size 1024K, 1 young (1024K), 1 survivors (1024K)
 Metaspace       used 140583K, capacity 144376K, committed 145584K, reserved 1175552K
  class space    used 17102K, capacity 18513K, committed 18944K, reserved 1048576K
}
Event: 2596.683 GC heap before
{Heap before GC invocations=129 (full 0):
 garbage-first heap   total 287744K, used 165469K [0x0000000080000000, 0x0000000100000000)
  region size 1024K, 44 young (45056K), 1 survivors (1024K)
 Metaspace       used 140632K, capacity 144453K, committed 145840K, reserved 1175552K
  class space    used 17105K, capacity 18517K, committed 18944K, reserved 1048576K
}
Event: 2596.698 GC heap after
{Heap after GC invocations=130 (full 0):
 garbage-first heap   total 287744K, used 124672K [0x0000000080000000, 0x0000000100000000)
  region size 1024K, 3 young (3072K), 3 survivors (3072K)
 Metaspace       used 140632K, capacity 144453K, committed 145840K, reserved 1175552K
  class space    used 17105K, capacity 18517K, committed 18944K, reserved 1048576K
}
Event: 2829.031 GC heap before
{Heap before GC invocations=131 (full 0):
 garbage-first heap   total 287744K, used 205568K [0x0000000080000000, 0x0000000100000000)
  region size 1024K, 59 young (60416K), 3 survivors (3072K)
 Metaspace       used 140734K, capacity 144533K, committed 145840K, reserved 1175552K
  class space    used 17107K, capacity 18520K, committed 18944K, reserved 1048576K
}
Event: 2829.386 GC heap after
{Heap after GC invocations=132 (full 0):
 garbage-first heap   total 287744K, used 124487K [0x0000000080000000, 0x0000000100000000)
  region size 1024K, 3 young (3072K), 3 survivors (3072K)
 Metaspace       used 140734K, capacity 144533K, committed 145840K, reserved 1175552K
  class space    used 17107K, capacity 18520K, committed 18944K, reserved 1048576K
}
Event: 2833.018 GC heap before
{Heap before GC invocations=132 (full 0):
 garbage-first heap   total 287744K, used 135751K [0x0000000080000000, 0x0000000100000000)
  region size 1024K, 14 young (14336K), 3 survivors (3072K)
 Metaspace       used 140759K, capacity 144533K, committed 145840K, reserved 1175552K
  class space    used 17108K, capacity 18520K, committed 18944K, reserved 1048576K
}
Event: 2833.569 GC heap after
{Heap after GC invocations=133 (full 0):
 garbage-first heap   total 287744K, used 117799K [0x0000000080000000, 0x0000000100000000)
  region size 1024K, 2 young (2048K), 2 survivors (2048K)
 Metaspace       used 140759K, capacity 144533K, committed 145840K, reserved 1175552K
  class space    used 17108K, capacity 18520K, committed 18944K, reserved 1048576K
}
Event: 2838.289 GC heap before
{Heap before GC invocations=133 (full 0):
 garbage-first heap   total 287744K, used 151591K [0x0000000080000000, 0x0000000100000000)
  region size 1024K, 36 young (36864K), 2 survivors (2048K)
 Metaspace       used 140851K, capacity 144607K, committed 145840K, reserved 1175552K
  class space    used 17108K, capacity 18521K, committed 18944K, reserved 1048576K
}
Event: 2838.374 GC heap after
{Heap after GC invocations=134 (full 0):
 garbage-first heap   total 287744K, used 123904K [0x0000000080000000, 0x0000000100000000)
  region size 1024K, 5 young (5120K), 5 survivors (5120K)
 Metaspace       used 140851K, capacity 144607K, committed 145840K, reserved 1175552K
  class space    used 17108K, capacity 18521K, committed 18944K, reserved 1048576K
}

